# Logfile created on Tue Feb 08 18:33:04 +0530 2011 by logger.rb/22285
admin['$cmd'].find({:ismaster=>1}, {}).limit(-1)
admin['$cmd'].find({:ismaster=>1}, {}).limit(-1)
admin['$cmd'].find({:ismaster=>1}, {}).limit(-1)
admin['$cmd'].find({:ismaster=>1}, {}).limit(-1)
admin['$cmd'].find({:ismaster=>1}, {}).limit(-1)
admin['$cmd'].find({:ismaster=>1}, {}).limit(-1)
admin['$cmd'].find({:ismaster=>1}, {}).limit(-1)
admin['$cmd'].find({:ismaster=>1}, {}).limit(-1)
admin['$cmd'].find({:ismaster=>1}, {}).limit(-1)
admin['$cmd'].find({:ismaster=>1}, {}).limit(-1)
admin['$cmd'].find({:ismaster=>1}, {}).limit(-1)
admin['$cmd'].find({:ismaster=>1}, {}).limit(-1)
admin['$cmd'].find({:ismaster=>1}, {}).limit(-1)
admin['$cmd'].find({:ismaster=>1}, {}).limit(-1)
admin['$cmd'].find({:ismaster=>1}, {}).limit(-1)
admin['$cmd'].find({:ismaster=>1}, {}).limit(-1)
admin['$cmd'].find({:ismaster=>1}, {}).limit(-1)
admin['$cmd'].find({:ismaster=>1}, {}).limit(-1)
admin['$cmd'].find({:ismaster=>1}, {}).limit(-1)
admin['$cmd'].find({:ismaster=>1}, {}).limit(-1)
admin['$cmd'].find({:ismaster=>1}, {}).limit(-1)
admin['$cmd'].find({:ismaster=>1}, {}).limit(-1)
admin['$cmd'].find({:ismaster=>1}, {}).limit(-1)
admin['$cmd'].find({:ismaster=>1}, {}).limit(-1)
admin['$cmd'].find({:ismaster=>1}, {}).limit(-1)
admin['$cmd'].find({:ismaster=>1}, {}).limit(-1)
admin['$cmd'].find({:ismaster=>1}, {}).limit(-1)
admin['$cmd'].find({:ismaster=>1}, {}).limit(-1)
admin['$cmd'].find({:ismaster=>1}, {}).limit(-1)
admin['$cmd'].find({:ismaster=>1}, {}).limit(-1)
admin['$cmd'].find({:ismaster=>1}, {}).limit(-1)
admin['$cmd'].find({:ismaster=>1}, {}).limit(-1)
admin['$cmd'].find({:ismaster=>1}, {}).limit(-1)
admin['$cmd'].find({:ismaster=>1}, {}).limit(-1)
admin['$cmd'].find({:ismaster=>1}, {}).limit(-1)
admin['$cmd'].find({:ismaster=>1}, {}).limit(-1)
admin['$cmd'].find({:ismaster=>1}, {}).limit(-1)
admin['$cmd'].find({:ismaster=>1}, {}).limit(-1)
admin['$cmd'].find({:ismaster=>1}, {}).limit(-1)
admin['$cmd'].find({:ismaster=>1}, {}).limit(-1)
admin['$cmd'].find({:ismaster=>1}, {}).limit(-1)
admin['$cmd'].find({:ismaster=>1}, {}).limit(-1)
admin['$cmd'].find({:ismaster=>1}, {}).limit(-1)
admin['$cmd'].find({:ismaster=>1}, {}).limit(-1)
admin['$cmd'].find({:ismaster=>1}, {}).limit(-1)
admin['$cmd'].find({:ismaster=>1}, {}).limit(-1)
admin['$cmd'].find({:ismaster=>1}, {}).limit(-1)
admin['$cmd'].find({:ismaster=>1}, {}).limit(-1)
admin['$cmd'].find({:ismaster=>1}, {}).limit(-1)
admin['$cmd'].find({:ismaster=>1}, {}).limit(-1)
admin['$cmd'].find({:ismaster=>1}, {}).limit(-1)
admin['$cmd'].find({:ismaster=>1}, {}).limit(-1)
admin['$cmd'].find({:ismaster=>1}, {}).limit(-1)
admin['$cmd'].find({:ismaster=>1}, {}).limit(-1)
admin['$cmd'].find({:ismaster=>1}, {}).limit(-1)
admin['$cmd'].find({:ismaster=>1}, {}).limit(-1)
admin['$cmd'].find({:ismaster=>1}, {}).limit(-1)
admin['$cmd'].find({:ismaster=>1}, {}).limit(-1)
admin['$cmd'].find({:ismaster=>1}, {}).limit(-1)
admin['$cmd'].find({:ismaster=>1}, {}).limit(-1)
admin['$cmd'].find({:ismaster=>1}, {}).limit(-1)
admin['$cmd'].find({:ismaster=>1}, {}).limit(-1)
admin['$cmd'].find({:ismaster=>1}, {}).limit(-1)
admin['$cmd'].find({:ismaster=>1}, {}).limit(-1)
admin['$cmd'].find({:ismaster=>1}, {}).limit(-1)
admin['$cmd'].find({:ismaster=>1}, {}).limit(-1)
admin['$cmd'].find({:ismaster=>1}, {}).limit(-1)
admin['$cmd'].find({:ismaster=>1}, {}).limit(-1)
admin['$cmd'].find({:ismaster=>1}, {}).limit(-1)
admin['$cmd'].find({:ismaster=>1}, {}).limit(-1)
admin['$cmd'].find({:ismaster=>1}, {}).limit(-1)
admin['$cmd'].find({:ismaster=>1}, {}).limit(-1)
admin['$cmd'].find({:ismaster=>1}, {}).limit(-1)
admin['$cmd'].find({:ismaster=>1}, {}).limit(-1)
admin['$cmd'].find({:ismaster=>1}, {}).limit(-1)
admin['$cmd'].find({:ismaster=>1}, {}).limit(-1)
admin['$cmd'].find({:ismaster=>1}, {}).limit(-1)
admin['$cmd'].find({:ismaster=>1}, {}).limit(-1)
admin['$cmd'].find({:ismaster=>1}, {}).limit(-1)
admin['$cmd'].find({:ismaster=>1}, {}).limit(-1)
admin['$cmd'].find({:ismaster=>1}, {}).limit(-1)
admin['$cmd'].find({:ismaster=>1}, {}).limit(-1)
admin['$cmd'].find({:ismaster=>1}, {}).limit(-1)
admin['$cmd'].find({:ismaster=>1}, {}).limit(-1)
admin['$cmd'].find({:ismaster=>1}, {}).limit(-1)
admin['$cmd'].find({:ismaster=>1}, {}).limit(-1)
admin['$cmd'].find({:ismaster=>1}, {}).limit(-1)
admin['$cmd'].find({:ismaster=>1}, {}).limit(-1)
admin['$cmd'].find({:ismaster=>1}, {}).limit(-1)
admin['$cmd'].find({:ismaster=>1}, {}).limit(-1)
admin['$cmd'].find({:ismaster=>1}, {}).limit(-1)
admin['$cmd'].find({:ismaster=>1}, {}).limit(-1)
admin['$cmd'].find({:ismaster=>1}, {}).limit(-1)
admin['$cmd'].find({:ismaster=>1}, {}).limit(-1)
admin['$cmd'].find({:ismaster=>1}, {}).limit(-1)
admin['$cmd'].find({:ismaster=>1}, {}).limit(-1)
admin['$cmd'].find({:ismaster=>1}, {}).limit(-1)
admin['$cmd'].find({:ismaster=>1}, {}).limit(-1)
admin['$cmd'].find({:ismaster=>1}, {}).limit(-1)
admin['$cmd'].find({:ismaster=>1}, {}).limit(-1)
admin['$cmd'].find({:ismaster=>1}, {}).limit(-1)
admin['$cmd'].find({:ismaster=>1}, {}).limit(-1)
admin['$cmd'].find({:ismaster=>1}, {}).limit(-1)
admin['$cmd'].find({:ismaster=>1}, {}).limit(-1)
admin['$cmd'].find({:ismaster=>1}, {}).limit(-1)
admin['$cmd'].find({:ismaster=>1}, {}).limit(-1)
admin['$cmd'].find({:ismaster=>1}, {}).limit(-1)
admin['$cmd'].find({:ismaster=>1}, {}).limit(-1)
admin['$cmd'].find({:ismaster=>1}, {}).limit(-1)
admin['$cmd'].find({:ismaster=>1}, {}).limit(-1)
admin['$cmd'].find({:ismaster=>1}, {}).limit(-1)
admin['$cmd'].find({:ismaster=>1}, {}).limit(-1)
admin['$cmd'].find({:ismaster=>1}, {}).limit(-1)
admin['$cmd'].find({:ismaster=>1}, {}).limit(-1)
admin['$cmd'].find({:ismaster=>1}, {}).limit(-1)
admin['$cmd'].find({:ismaster=>1}, {}).limit(-1)
admin['$cmd'].find({:ismaster=>1}, {}).limit(-1)
admin['$cmd'].find({:ismaster=>1}, {}).limit(-1)
admin['$cmd'].find({:ismaster=>1}, {}).limit(-1)
admin['$cmd'].find({:ismaster=>1}, {}).limit(-1)
admin['$cmd'].find({:ismaster=>1}, {}).limit(-1)
admin['$cmd'].find({:ismaster=>1}, {}).limit(-1)
admin['$cmd'].find({:ismaster=>1}, {}).limit(-1)
admin['$cmd'].find({:ismaster=>1}, {}).limit(-1)
admin['$cmd'].find({:ismaster=>1}, {}).limit(-1)
admin['$cmd'].find({:ismaster=>1}, {}).limit(-1)
admin['$cmd'].find({:ismaster=>1}, {}).limit(-1)
admin['$cmd'].find({:ismaster=>1}, {}).limit(-1)
admin['$cmd'].find({:ismaster=>1}, {}).limit(-1)
admin['$cmd'].find({:ismaster=>1}, {}).limit(-1)
admin['$cmd'].find({:ismaster=>1}, {}).limit(-1)
admin['$cmd'].find({:ismaster=>1}, {}).limit(-1)
admin['$cmd'].find({:ismaster=>1}, {}).limit(-1)
admin['$cmd'].find({:ismaster=>1}, {}).limit(-1)
admin['$cmd'].find({:ismaster=>1}, {}).limit(-1)
admin['$cmd'].find({:ismaster=>1}, {}).limit(-1)
admin['$cmd'].find({:ismaster=>1}, {}).limit(-1)
admin['$cmd'].find({:ismaster=>1}, {}).limit(-1)
admin['$cmd'].find({:ismaster=>1}, {}).limit(-1)
admin['$cmd'].find({:ismaster=>1}, {}).limit(-1)
admin['$cmd'].find({:ismaster=>1}, {}).limit(-1)
admin['$cmd'].find({:ismaster=>1}, {}).limit(-1)
admin['$cmd'].find({:ismaster=>1}, {}).limit(-1)
admin['$cmd'].find({:ismaster=>1}, {}).limit(-1)
admin['$cmd'].find({:ismaster=>1}, {}).limit(-1)
admin['$cmd'].find({:ismaster=>1}, {}).limit(-1)
admin['$cmd'].find({:ismaster=>1}, {}).limit(-1)
admin['$cmd'].find({:ismaster=>1}, {}).limit(-1)
admin['$cmd'].find({:ismaster=>1}, {}).limit(-1)
admin['$cmd'].find({:ismaster=>1}, {}).limit(-1)
admin['$cmd'].find({:ismaster=>1}, {}).limit(-1)
admin['$cmd'].find({:ismaster=>1}, {}).limit(-1)
admin['$cmd'].find({:ismaster=>1}, {}).limit(-1)
admin['$cmd'].find({:ismaster=>1}, {}).limit(-1)
admin['$cmd'].find({:ismaster=>1}, {}).limit(-1)
admin['$cmd'].find({:ismaster=>1}, {}).limit(-1)
admin['$cmd'].find({:ismaster=>1}, {}).limit(-1)
admin['$cmd'].find({:ismaster=>1}, {}).limit(-1)
admin['$cmd'].find({:ismaster=>1}, {}).limit(-1)
admin['$cmd'].find({:ismaster=>1}, {}).limit(-1)
admin['$cmd'].find({:ismaster=>1}, {}).limit(-1)
admin['$cmd'].find({:ismaster=>1}, {}).limit(-1)
admin['$cmd'].find({:ismaster=>1}, {}).limit(-1)
admin['$cmd'].find({:ismaster=>1}, {}).limit(-1)
admin['$cmd'].find({:ismaster=>1}, {}).limit(-1)
admin['$cmd'].find({:ismaster=>1}, {}).limit(-1)
admin['$cmd'].find({:ismaster=>1}, {}).limit(-1)
admin['$cmd'].find({:ismaster=>1}, {}).limit(-1)
admin['$cmd'].find({:ismaster=>1}, {}).limit(-1)
admin['$cmd'].find({:ismaster=>1}, {}).limit(-1)
admin['$cmd'].find({:ismaster=>1}, {}).limit(-1)
admin['$cmd'].find({:ismaster=>1}, {}).limit(-1)
MONGODB dict_dev['dictionary_models'].update({:_id=>BSON::ObjectId('4d528f93b221f61bb7000001')}, {"meaning"=>"Bharati", "word"=>"kunal", "_id"=>BSON::ObjectId('4d528f93b221f61bb7000001')})
admin['$cmd'].find({:ismaster=>1}, {}).limit(-1)
admin['$cmd'].find({:ismaster=>1}, {}).limit(-1)
admin['$cmd'].find({:ismaster=>1}, {}).limit(-1)
admin['$cmd'].find({:ismaster=>1}, {}).limit(-1)
admin['$cmd'].find({:ismaster=>1}, {}).limit(-1)
admin['$cmd'].find({:ismaster=>1}, {}).limit(-1)
admin['$cmd'].find({:ismaster=>1}, {}).limit(-1)
admin['$cmd'].find({:ismaster=>1}, {}).limit(-1)
admin['$cmd'].find({:ismaster=>1}, {}).limit(-1)
admin['$cmd'].find({:ismaster=>1}, {}).limit(-1)
admin['$cmd'].find({:ismaster=>1}, {}).limit(-1)
admin['$cmd'].find({:ismaster=>1}, {}).limit(-1)
admin['$cmd'].find({:ismaster=>1}, {}).limit(-1)
admin['$cmd'].find({:ismaster=>1}, {}).limit(-1)
admin['$cmd'].find({:ismaster=>1}, {}).limit(-1)
admin['$cmd'].find({:ismaster=>1}, {}).limit(-1)
admin['$cmd'].find({:ismaster=>1}, {}).limit(-1)
admin['$cmd'].find({:ismaster=>1}, {}).limit(-1)
admin['$cmd'].find({:ismaster=>1}, {}).limit(-1)
admin['$cmd'].find({:ismaster=>1}, {}).limit(-1)
admin['$cmd'].find({:ismaster=>1}, {}).limit(-1)
admin['$cmd'].find({:ismaster=>1}, {}).limit(-1)
admin['$cmd'].find({:ismaster=>1}, {}).limit(-1)
admin['$cmd'].find({:ismaster=>1}, {}).limit(-1)
admin['$cmd'].find({:ismaster=>1}, {}).limit(-1)
admin['$cmd'].find({:ismaster=>1}, {}).limit(-1)
admin['$cmd'].find({:ismaster=>1}, {}).limit(-1)
admin['$cmd'].find({:ismaster=>1}, {}).limit(-1)
admin['$cmd'].find({:ismaster=>1}, {}).limit(-1)
admin['$cmd'].find({:ismaster=>1}, {}).limit(-1)
admin['$cmd'].find({:ismaster=>1}, {}).limit(-1)
admin['$cmd'].find({:ismaster=>1}, {}).limit(-1)
admin['$cmd'].find({:ismaster=>1}, {}).limit(-1)
admin['$cmd'].find({:ismaster=>1}, {}).limit(-1)
admin['$cmd'].find({:ismaster=>1}, {}).limit(-1)
admin['$cmd'].find({:ismaster=>1}, {}).limit(-1)
dict_dev['dictionary_models'].find({:word=>"kunal"}, {}).limit(-1)
admin['$cmd'].find({:ismaster=>1}, {}).limit(-1)
admin['$cmd'].find({:ismaster=>1}, {}).limit(-1)
admin['$cmd'].find({:ismaster=>1}, {}).limit(-1)
admin['$cmd'].find({:ismaster=>1}, {}).limit(-1)
admin['$cmd'].find({:ismaster=>1}, {}).limit(-1)
admin['$cmd'].find({:ismaster=>1}, {}).limit(-1)
admin['$cmd'].find({:ismaster=>1}, {}).limit(-1)
admin['$cmd'].find({:ismaster=>1}, {}).limit(-1)
admin['$cmd'].find({:ismaster=>1}, {}).limit(-1)
admin['$cmd'].find({:ismaster=>1}, {}).limit(-1)
admin['$cmd'].find({:ismaster=>1}, {}).limit(-1)
admin['$cmd'].find({:ismaster=>1}, {}).limit(-1)
dict_dev['dictionary_models'].find({:word=>"kunal"}, {}).limit(-1)
admin['$cmd'].find({:ismaster=>1}, {}).limit(-1)
admin['$cmd'].find({:ismaster=>1}, {}).limit(-1)
admin['$cmd'].find({:ismaster=>1}, {}).limit(-1)
admin['$cmd'].find({:ismaster=>1}, {}).limit(-1)
admin['$cmd'].find({:ismaster=>1}, {}).limit(-1)
admin['$cmd'].find({:ismaster=>1}, {}).limit(-1)
admin['$cmd'].find({:ismaster=>1}, {}).limit(-1)
admin['$cmd'].find({:ismaster=>1}, {}).limit(-1)
admin['$cmd'].find({:ismaster=>1}, {}).limit(-1)
admin['$cmd'].find({:ismaster=>1}, {}).limit(-1)
admin['$cmd'].find({:ismaster=>1}, {}).limit(-1)
admin['$cmd'].find({:ismaster=>1}, {}).limit(-1)
admin['$cmd'].find({:ismaster=>1}, {}).limit(-1)
admin['$cmd'].find({:ismaster=>1}, {}).limit(-1)
admin['$cmd'].find({:ismaster=>1}, {}).limit(-1)
admin['$cmd'].find({:ismaster=>1}, {}).limit(-1)
dict_dev['dictionary_models'].find({:word=>"kunal"}, {}).limit(-1)
admin['$cmd'].find({:ismaster=>1}, {}).limit(-1)
admin['$cmd'].find({:ismaster=>1}, {}).limit(-1)
admin['$cmd'].find({:ismaster=>1}, {}).limit(-1)
admin['$cmd'].find({:ismaster=>1}, {}).limit(-1)
MONGODB dict_dev['dictionary_models'].update({:_id=>BSON::ObjectId('4d5293ecb221f61d57000001')}, {"meaning"=>"jain", "word"=>"dhaval", "_id"=>BSON::ObjectId('4d5293ecb221f61d57000001')})
admin['$cmd'].find({:ismaster=>1}, {}).limit(-1)
admin['$cmd'].find({:ismaster=>1}, {}).limit(-1)
admin['$cmd'].find({:ismaster=>1}, {}).limit(-1)
admin['$cmd'].find({:ismaster=>1}, {}).limit(-1)
admin['$cmd'].find({:ismaster=>1}, {}).limit(-1)
admin['$cmd'].find({:ismaster=>1}, {}).limit(-1)
admin['$cmd'].find({:ismaster=>1}, {}).limit(-1)
admin['$cmd'].find({:ismaster=>1}, {}).limit(-1)
dict_dev['dictionary_models'].find({:word=>"dhaval"}, {}).limit(-1)
admin['$cmd'].find({:ismaster=>1}, {}).limit(-1)
admin['$cmd'].find({:ismaster=>1}, {}).limit(-1)
admin['$cmd'].find({:ismaster=>1}, {}).limit(-1)
admin['$cmd'].find({:ismaster=>1}, {}).limit(-1)
dict_dev['dictionary_models'].find({:word=>"kunal"}, {}).limit(-1)
admin['$cmd'].find({:ismaster=>1}, {}).limit(-1)
admin['$cmd'].find({:ismaster=>1}, {}).limit(-1)
admin['$cmd'].find({:ismaster=>1}, {}).limit(-1)
admin['$cmd'].find({:ismaster=>1}, {}).limit(-1)
admin['$cmd'].find({:ismaster=>1}, {}).limit(-1)
admin['$cmd'].find({:ismaster=>1}, {}).limit(-1)
admin['$cmd'].find({:ismaster=>1}, {}).limit(-1)
admin['$cmd'].find({:ismaster=>1}, {}).limit(-1)
dict_dev['dictionary_models'].find({:word=>"kunal"}, {}).limit(-1)
